c:\users\admin\projects\dun dungeon game vs\dun dungeon game\x64\debug\vc143.pdb
c:\users\admin\projects\dun dungeon game vs\dun dungeon game\x64\debug\vc143.idb
c:\users\admin\projects\dun dungeon game vs\dun dungeon game\x64\debug\main.obj
c:\users\admin\projects\dun dungeon game vs\dun dungeon game\x64\debug\commonfunc.obj
c:\users\admin\projects\dun dungeon game vs\dun dungeon game\x64\debug\ltexture.obj
c:\users\admin\projects\dun dungeon game vs\dun dungeon game\x64\debug\player.obj
c:\users\admin\projects\dun dungeon game vs\dun dungeon game\x64\debug\tile.obj
c:\users\admin\projects\dun dungeon game vs\dun dungeon game\x64\debug\pugixml.obj
c:\users\admin\projects\dun dungeon game vs\dun dungeon game\x64\debug\game.obj
c:\users\admin\projects\dun dungeon game vs\dun dungeon game\x64\debug\tinytmxproperty.obj
c:\users\admin\projects\dun dungeon game vs\dun dungeon game\x64\debug\tinytmxobjectgroup.obj
c:\users\admin\projects\dun dungeon game vs\dun dungeon game\x64\debug\tinytmxobject.obj
c:\users\admin\projects\dun dungeon game vs\dun dungeon game\x64\debug\tinytmxmap.obj
c:\users\admin\projects\dun dungeon game vs\dun dungeon game\x64\debug\tinytmximagelayer.obj
c:\users\admin\projects\dun dungeon game vs\dun dungeon game\x64\debug\tinytmximage.obj
c:\users\admin\projects\dun dungeon game vs\dun dungeon game\x64\debug\tinytmxgrouplayer.obj
c:\users\admin\projects\dun dungeon game vs\dun dungeon game\x64\debug\tinytmxgrid.obj
c:\users\admin\projects\dun dungeon game vs\dun dungeon game\x64\debug\tinytmxellipse.obj
c:\users\admin\projects\dun dungeon game vs\dun dungeon game\x64\debug\tinytmxdatachunktile.obj
c:\users\admin\projects\dun dungeon game vs\dun dungeon game\x64\debug\base64.obj
c:\users\admin\projects\dun dungeon game vs\dun dungeon game\x64\debug\tinytmxwangsetarray.obj
c:\users\admin\projects\dun dungeon game vs\dun dungeon game\x64\debug\tinytmxwangset.obj
c:\users\admin\projects\dun dungeon game vs\dun dungeon game\x64\debug\tinytmxwangcolor.obj
c:\users\admin\projects\dun dungeon game vs\dun dungeon game\x64\debug\tinytmxtransformations.obj
c:\users\admin\projects\dun dungeon game vs\dun dungeon game\x64\debug\tinytmxtileset.obj
c:\users\admin\projects\dun dungeon game vs\dun dungeon game\x64\debug\tinytmxtileoffset.obj
c:\users\admin\projects\dun dungeon game vs\dun dungeon game\x64\debug\tinytmxtext.obj
c:\users\admin\projects\dun dungeon game vs\dun dungeon game\x64\debug\tinytmxpropertyset.obj
c:\users\admin\projects\dun dungeon game vs\dun dungeon game\x64\debug\tinytmxutil.obj
c:\users\admin\projects\dun dungeon game vs\dun dungeon game\x64\debug\tinytmxlayer.obj
c:\users\admin\projects\dun dungeon game vs\dun dungeon game\x64\debug\tinytmxterrain.obj
c:\users\admin\projects\dun dungeon game vs\x64\debug\dun dungeon game.lib
c:\users\admin\projects\dun dungeon game vs\x64\debug\dun dungeon game.exp
c:\users\admin\projects\dun dungeon game vs\dun dungeon game\x64\debug\dun dungeon game.ilk
c:\users\admin\projects\dun dungeon game vs\dun dungeon game\x64\debug\baseobj.obj
c:\users\admin\projects\dun dungeon game vs\dun dungeon game\x64\debug\baseobject.obj
c:\users\admin\projects\dun dungeon game vs\dun dungeon game\x64\debug\game_map.obj
c:\users\admin\projects\dun dungeon game vs\dun dungeon game\x64\debug\map.obj
c:\users\admin\projects\dun dungeon game vs\dun dungeon game\x64\debug\sdfl.obj
c:\users\admin\projects\dun dungeon game vs\dun dungeon game\x64\debug\baseobject.obj.enc
c:\users\admin\projects\dun dungeon game vs\dun dungeon game\x64\debug\game_map.obj.enc
c:\users\admin\projects\dun dungeon game vs\dun dungeon game\x64\debug\ltexture.obj.enc
c:\users\admin\projects\dun dungeon game vs\dun dungeon game\x64\debug\main.obj.enc
c:\users\admin\projects\dun dungeon game vs\x64\debug\dun dungeon game.pdb
c:\users\admin\projects\dun dungeon game vs\dun dungeon game\x64\debug\dun dungeon game.tlog\cl.command.1.tlog
c:\users\admin\projects\dun dungeon game vs\dun dungeon game\x64\debug\dun dungeon game.tlog\cl.items.tlog
c:\users\admin\projects\dun dungeon game vs\dun dungeon game\x64\debug\dun dungeon game.tlog\cl.read.1.tlog
c:\users\admin\projects\dun dungeon game vs\dun dungeon game\x64\debug\dun dungeon game.tlog\cl.write.1.tlog
c:\users\admin\projects\dun dungeon game vs\dun dungeon game\x64\debug\dun dungeon game.tlog\link.9616-cvtres.read.1.tlog
c:\users\admin\projects\dun dungeon game vs\dun dungeon game\x64\debug\dun dungeon game.tlog\link.9616-cvtres.write.1.tlog
c:\users\admin\projects\dun dungeon game vs\dun dungeon game\x64\debug\dun dungeon game.tlog\link.9616-rc.read.1.tlog
c:\users\admin\projects\dun dungeon game vs\dun dungeon game\x64\debug\dun dungeon game.tlog\link.9616-rc.write.1.tlog
c:\users\admin\projects\dun dungeon game vs\dun dungeon game\x64\debug\dun dungeon game.tlog\link.9616.read.1.tlog
c:\users\admin\projects\dun dungeon game vs\dun dungeon game\x64\debug\dun dungeon game.tlog\link.9616.read.2.tlog
c:\users\admin\projects\dun dungeon game vs\dun dungeon game\x64\debug\dun dungeon game.tlog\link.9616.read.3.tlog
c:\users\admin\projects\dun dungeon game vs\dun dungeon game\x64\debug\dun dungeon game.tlog\link.9616.read.4.tlog
c:\users\admin\projects\dun dungeon game vs\dun dungeon game\x64\debug\dun dungeon game.tlog\link.9616.write.1.tlog
c:\users\admin\projects\dun dungeon game vs\dun dungeon game\x64\debug\dun dungeon game.tlog\link.command.1.tlog
c:\users\admin\projects\dun dungeon game vs\dun dungeon game\x64\debug\dun dungeon game.tlog\link.read.1.tlog
c:\users\admin\projects\dun dungeon game vs\dun dungeon game\x64\debug\dun dungeon game.tlog\link.secondary.1.tlog
c:\users\admin\projects\dun dungeon game vs\dun dungeon game\x64\debug\dun dungeon game.tlog\link.write.1.tlog
